Build started 22-10-2015 14:06:50.
     1>Project "C:\Users\ARUN JAYABALAN\Documents\Visual Studio 2015\Projects\Lab3_Task_3_2\Lab3_Task_3_2\Lab3_Task_3_2.vcxproj" on node 2 (Rebuild target(s)).
     1>ClCompile:
         C:\Program Files (x86)\Microsoft Visual Studio 14.0\VC\bin\CL.exe /c /ZI /nologo /W3 /WX- /sdl /Od /Oy- /D WIN32 /D _DEBUG /D _CONSOLE /D _UNICODE /D UNICODE /Gm /EHsc /RTC1 /MTd /GS /fp:precise /Zc:wchar_t /Zc:forScope /Zc:inline /Fo"Debug\\" /Fd"Debug\vc140.pdb" /Gd /TP /analyze- /errorReport:prompt /vmg main.cpp master.cpp master_new.cpp mem_slave.cpp switch_master.cc
         switch_master.cc
         Unknown compiler version - please run the configure tests and report the results
         mem_slave.cpp
         Unknown compiler version - please run the configure tests and report the results
         master_new.cpp
         Unknown compiler version - please run the configure tests and report the results
         master.cpp
         Unknown compiler version - please run the configure tests and report the results
         main.cpp
         Unknown compiler version - please run the configure tests and report the results
         Generating Code...
       Link:
         C:\Program Files (x86)\Microsoft Visual Studio 14.0\VC\bin\link.exe /ERRORREPORT:PROMPT /OUT:"C:\Users\ARUN JAYABALAN\Documents\Visual Studio 2015\Projects\Lab3_Task_3_2\Debug\Lab3_Task_3_2.exe" /INCREMENTAL /NOLOGO systemc.lib kernel32.lib user32.lib gdi32.lib winspool.lib comdlg32.lib advapi32.lib shell32.lib ole32.lib oleaut32.lib uuid.lib odbc32.lib odbccp32.lib /MANIFEST /MANIFESTUAC:"level='asInvoker' uiAccess='false'" /manifest:embed /Debug /PDB:"C:\Users\ARUN JAYABALAN\Documents\Visual Studio 2015\Projects\Lab3_Task_3_2\Debug\Lab3_Task_3_2.pdb" /SUBSYSTEM:CONSOLE /TLBID:1 /DYNAMICBASE /NXCOMPAT /IMPLIB:"C:\Users\ARUN JAYABALAN\Documents\Visual Studio 2015\Projects\Lab3_Task_3_2\Debug\Lab3_Task_3_2.lib" /MACHINE:X86 Debug\main.obj
         Debug\master.obj
         Debug\master_new.obj
         Debug\mem_slave.obj
         Debug\switch_master.obj
         Lab3_Task_3_2.vcxproj -> C:\Users\ARUN JAYABALAN\Documents\Visual Studio 2015\Projects\Lab3_Task_3_2\Debug\Lab3_Task_3_2.exe
     1>Done Building Project "C:\Users\ARUN JAYABALAN\Documents\Visual Studio 2015\Projects\Lab3_Task_3_2\Lab3_Task_3_2\Lab3_Task_3_2.vcxproj" (Rebuild target(s)).

Build succeeded.

Time Elapsed 00:00:07.25
