Build started 07-10-2015 09:13:50.
     1>Project "C:\Users\ARUN JAYABALAN\Documents\Visual Studio 2015\Projects\Lab1_Task3\Lab1_Task3\Lab1_Task3.vcxproj" on node 2 (Rebuild target(s)).
     1>ClCompile:
         C:\Program Files (x86)\Microsoft Visual Studio 14.0\VC\bin\CL.exe /c /ZI /nologo /W3 /WX- /sdl /Od /Oy- /D WIN32 /D _DEBUG /D _CONSOLE /D _UNICODE /D UNICODE /Gm /EHsc /RTC1 /MTd /GS /fp:precise /Zc:wchar_t /Zc:forScope /Zc:inline /Fo"Debug\\" /Fd"Debug\vc140.pdb" /Gd /TP /analyze- /errorReport:prompt /vmg arbitrer.cpp change_case.cpp filter.cpp main.cpp m_bus.cpp testbench.cpp UART.cpp
         UART.cpp
         Unknown compiler version - please run the configure tests and report the results
         testbench.cpp
         Unknown compiler version - please run the configure tests and report the results
         m_bus.cpp
         Unknown compiler version - please run the configure tests and report the results
         main.cpp
         Unknown compiler version - please run the configure tests and report the results
         filter.cpp
         Unknown compiler version - please run the configure tests and report the results
         change_case.cpp
         Unknown compiler version - please run the configure tests and report the results
         arbitrer.cpp
         Unknown compiler version - please run the configure tests and report the results
         Generating Code...
       Link:
         C:\Program Files (x86)\Microsoft Visual Studio 14.0\VC\bin\link.exe /ERRORREPORT:PROMPT /OUT:"C:\Users\ARUN JAYABALAN\Documents\Visual Studio 2015\Projects\Lab1_Task3\Debug\Lab1_Task3.exe" /INCREMENTAL /NOLOGO systemc.lib kernel32.lib user32.lib gdi32.lib winspool.lib comdlg32.lib advapi32.lib shell32.lib ole32.lib oleaut32.lib uuid.lib odbc32.lib odbccp32.lib /MANIFEST /MANIFESTUAC:"level='asInvoker' uiAccess='false'" /manifest:embed /Debug /PDB:"C:\Users\ARUN JAYABALAN\Documents\Visual Studio 2015\Projects\Lab1_Task3\Debug\Lab1_Task3.pdb" /SUBSYSTEM:CONSOLE /TLBID:1 /DYNAMICBASE /NXCOMPAT /IMPLIB:"C:\Users\ARUN JAYABALAN\Documents\Visual Studio 2015\Projects\Lab1_Task3\Debug\Lab1_Task3.lib" /MACHINE:X86 Debug\arbitrer.obj
         Debug\change_case.obj
         Debug\filter.obj
         Debug\main.obj
         Debug\m_bus.obj
         Debug\testbench.obj
         Debug\UART.obj
         Lab1_Task3.vcxproj -> C:\Users\ARUN JAYABALAN\Documents\Visual Studio 2015\Projects\Lab1_Task3\Debug\Lab1_Task3.exe
     1>Done Building Project "C:\Users\ARUN JAYABALAN\Documents\Visual Studio 2015\Projects\Lab1_Task3\Lab1_Task3\Lab1_Task3.vcxproj" (Rebuild target(s)).

Build succeeded.

Time Elapsed 00:00:08.80
